[p.w3layouts.com/demos/cooks/web/index.html]
[backblue.gif]
[fade.gif]
[index.html]
[p.w3layouts.com/demos/cooks/web/css/bootstrap.css]
[p.w3layouts.com/demos/cooks/web/css/style.css]
[p.w3layouts.com/demos/cooks/web/js/jquery-1.11.1.min.js]
[p.w3layouts.com/demos/cooks/web/css/animate.min.css]
[p.w3layouts.com/demos/cooks/web/js/wow.min.js]
[m.servedby-buysellads.com/monetization.js]
[p.w3layouts.com/assests/css/font-awesome.min.css]
[p.w3layouts.com/demos/cooks/web/events.html]
[p.w3layouts.com/demos/cooks/web/short-codes.html]
[p.w3layouts.com/demos/cooks/web/services.html]
[p.w3layouts.com/demos/cooks/web/mail.html]
[p.w3layouts.com/demos/cooks/web/images/1.png]
[p.w3layouts.com/demos/cooks/web/images/2.png]
[p.w3layouts.com/demos/cooks/web/images/3.png]
[p.w3layouts.com/demos/cooks/web/js/jquery.flexisel.js]
[p.w3layouts.com/demos/cooks/web/single.html]
[p.w3layouts.com/demos/cooks/web/images/1.jpg]
[p.w3layouts.com/demos/cooks/web/images/2.jpg]
[p.w3layouts.com/demos/cooks/web/images/4.jpg]
[p.w3layouts.com/demos/cooks/web/images/5.jpg]
[p.w3layouts.com/demos/cooks/web/images/6.jpg]
[p.w3layouts.com/demos/cooks/web/images/7.jpg]
[p.w3layouts.com/demos/cooks/web/images/8.jpg]
[p.w3layouts.com/demos/cooks/web/index.html]
[p.w3layouts.com/demos/cooks/web/js/bootstrap.js]
[fonts.googleapis.com/css6640.css]
[fonts.googleapis.com/css3821.css]
[p.w3layouts.com/demos/cooks/web/images/10.jpg]
[p.w3layouts.com/demos/cooks/web/events.html]
[p.w3layouts.com/demos/cooks/web/short-codes.html]
[p.w3layouts.com/demos/cooks/web/images/9.jpg]
[p.w3layouts.com/demos/cooks/web/images/4.png]
[p.w3layouts.com/demos/cooks/web/services.html]
[p.w3layouts.com/demos/cooks/web/mail.html]
[p.w3layouts.com/demos/cooks/web/images/co.png]
[p.w3layouts.com/demos/cooks/web/single.html]
[m.servedby-buysellads.com/monetization.js]
[p.w3layouts.com/demos/cooks/web/js/jquery-1.11.1.min.js]
[p.w3layouts.com/demos/cooks/web/fonts/glyphicons-halflings-regular.eot]
[p.w3layouts.com/demos/cooks/web/js/wow.min.js]
[p.w3layouts.com/demos/cooks/web/images/1.png]
[p.w3layouts.com/demos/cooks/web/images/3.png]
[p.w3layouts.com/demos/cooks/web/images/2.png]
[p.w3layouts.com/demos/cooks/web/fonts/glyphicons-halflings-regulard41d.eot]
[p.w3layouts.com/demos/cooks/web/images/1.jpg]
[p.w3layouts.com/demos/cooks/web/images/2.jpg]
[p.w3layouts.com/demos/cooks/web/js/jquery.flexisel.js]
[p.w3layouts.com/demos/cooks/web/fonts/glyphicons-halflings-regular.woff2]
[p.w3layouts.com/demos/cooks/web/images/4.jpg]
[p.w3layouts.com/demos/cooks/web/images/7.jpg]
[p.w3layouts.com/demos/cooks/web/images/5.jpg]
[p.w3layouts.com/demos/cooks/web/images/6.jpg]
[p.w3layouts.com/demos/cooks/web/images/8.jpg]
[p.w3layouts.com/demos/cooks/web/images/10.jpg]
[p.w3layouts.com/demos/cooks/web/fonts/glyphicons-halflings-regular.woff]
[p.w3layouts.com/demos/cooks/web/js/bootstrap.js]
[p.w3layouts.com/demos/cooks/web/fonts/glyphicons-halflings-regular.ttf]
[p.w3layouts.com/demos/cooks/web/fonts/glyphicons-halflings-regular.eot]
[p.w3layouts.com/demos/cooks/web/images/9.jpg]
[p.w3layouts.com/demos/cooks/web/images/4.png]
[p.w3layouts.com/demos/cooks/web/fonts/glyphicons-halflings-regulard41d.eot]
[p.w3layouts.com/demos/cooks/web/fonts/glyphicons-halflings-regular.svg]
[p.w3layouts.com/demos/cooks/web/css/bootstrap.css]
[p.w3layouts.com/demos/cooks/web/fonts/glyphicons-halflings-regular.woff]
[p.w3layouts.com/demos/cooks/web/images/img-sp.png]
[p.w3layouts.com/demos/cooks/web/images/banner.jpg]
[p.w3layouts.com/demos/cooks/web/images/3.jpg]
[p.w3layouts.com/demos/cooks/web/images/5.png]
[p.w3layouts.com/demos/cooks/web/images/update.png]
[p.w3layouts.com/demos/cooks/web/css/style.css]
[p.w3layouts.com/demos/cooks/web/css/animate.min.css]
[p.w3layouts.com/demos/cooks/web/images/5.png]
[p.w3layouts.com/demos/cooks/web/images/3.jpg]
[p.w3layouts.com/assests/css/font-awesome.min.css]
[p.w3layouts.com/assests/fonts/fontawesome-webfont3e6e.svg]
[p.w3layouts.com/demos/cooks/web/single.html]
[p.w3layouts.com/demos/cooks/web/fonts/glyphicons-halflings-regular.svg]
[p.w3layouts.com/assests/fonts/fontawesome-webfont3e6e.svg]
